0 info it worked if it ends with ok
1 verbose cli [ '/home/vagrant/.nvm/versions/node/v6.9.5/bin/node',
1 verbose cli   '/home/vagrant/.nvm/versions/node/v6.9.5/bin/npm',
1 verbose cli   'install',
1 verbose cli   'normalize.css' ]
2 info using npm@3.10.10
3 info using node@v6.9.5
4 silly loadCurrentTree Starting
5 silly install loadCurrentTree
6 silly install readLocalPackageData
7 silly fetchPackageMetaData normalize.css
8 silly fetchOtherPackageData normalize.css
9 silly cache add args [ 'normalize.css', null ]
10 verbose cache add spec normalize.css
11 silly cache add parsed spec Result {
11 silly cache add   raw: 'normalize.css',
11 silly cache add   scope: null,
11 silly cache add   escapedName: 'normalize.css',
11 silly cache add   name: null,
11 silly cache add   rawSpec: 'normalize.css',
11 silly cache add   spec: '/vagrant/w3Project/tweetr/normalize.css',
11 silly cache add   type: 'local' }
12 silly addLocalTarball shasum (computed) 9b97b57947a4d320c0aea1653fafba7c8e83f242
13 verbose addTmpTarball /vagrant/w3Project/tweetr/normalize.css not in flight; adding
14 verbose correctMkdir /home/vagrant/.npm correctMkdir not in flight; initializing
15 verbose addTmpTarball validating metadata from /vagrant/w3Project/tweetr/normalize.css
16 verbose tar unpack /vagrant/w3Project/tweetr/normalize.css
17 verbose tar unpacking to /tmp/npm-5288-fc2a5eb2/unpack-e4af18b1
18 silly gentlyRm /tmp/npm-5288-fc2a5eb2/unpack-e4af18b1 is being purged
19 verbose gentlyRm don't care about contents; nuking /tmp/npm-5288-fc2a5eb2/unpack-e4af18b1
20 silly gunzTarPerm modes [ '775', '664' ]
21 error not a package /vagrant/w3Project/tweetr/normalize.css
22 error addLocal Could not install /vagrant/w3Project/tweetr/normalize.css
23 silly fetchPackageMetaData Error: ENOENT: no such file or directory, open '/tmp/npm-5288-fc2a5eb2/unpack-e4af18b1/package.json'
23 silly fetchPackageMetaData     at Error (native)
23 silly fetchPackageMetaData  error for normalize.css { Error: ENOENT: no such file or directory, open '/tmp/npm-5288-fc2a5eb2/unpack-e4af18b1/package.json'
23 silly fetchPackageMetaData     at Error (native)
23 silly fetchPackageMetaData   errno: -2,
23 silly fetchPackageMetaData   code: 'ENOENT',
23 silly fetchPackageMetaData   syscall: 'open',
23 silly fetchPackageMetaData   path: '/tmp/npm-5288-fc2a5eb2/unpack-e4af18b1/package.json' }
24 silly rollbackFailedOptional Starting
25 silly rollbackFailedOptional Finishing
26 silly runTopLevelLifecycles Finishing
27 silly install printInstalled
28 verbose stack Error: ENOENT: no such file or directory, open '/tmp/npm-5288-fc2a5eb2/unpack-e4af18b1/package.json'
28 verbose stack     at Error (native)
29 verbose cwd /vagrant/w3Project/tweetr
30 error Linux 4.4.0-21-generic
31 error argv "/home/vagrant/.nvm/versions/node/v6.9.5/bin/node" "/home/vagrant/.nvm/versions/node/v6.9.5/bin/npm" "install" "normalize.css"
32 error node v6.9.5
33 error npm  v3.10.10
34 error path /tmp/npm-5288-fc2a5eb2/unpack-e4af18b1/package.json
35 error code ENOENT
36 error errno -2
37 error syscall open
38 error enoent ENOENT: no such file or directory, open '/tmp/npm-5288-fc2a5eb2/unpack-e4af18b1/package.json'
39 error enoent ENOENT: no such file or directory, open '/tmp/npm-5288-fc2a5eb2/unpack-e4af18b1/package.json'
39 error enoent This is most likely not a problem with npm itself
39 error enoent and is related to npm not being able to find a file.
40 verbose exit [ -2, true ]
